ISim log file
Running: F:\University Classes\VHDL\In Class Ex\24-ise_delay_creator\delay_creator\delay_creator_isim_beh.exe -intstyle ise -gui -tclbatch isim.cmd -wdb F:/University Classes/VHDL/In Class Ex/24-ise_delay_creator/delay_creator/delay_creator_isim_beh.wdb 
ISim P.20131013 (signature 0x7708f090)
This is a Full version of ISim.
Time resolution is 1 ps
# onerror resume
# wave add /
# run 1000 ns
Simulator is doing circuit initialization process.
Finished circuit initialization process.
# restart
# isim force add /delay_creator/c 0 -radix bin -value 1 -radix bin -time 10 ns -repeat 20 ns -cancel 500 ns
# isim force add /delay_creator/clr 1 -radix bin -value 0 -radix bin -time 5 ns -repeat 500 ns -cancel 500 ns
# run all
Simulator is doing circuit initialization process.
Finished circuit initialization process.
# restart
# isim force add /delay_creator/c 0 -radix bin -value 1 -radix bin -time 10 ns -repeat 20 ns -cancel 2 us
# isim force add /delay_creator/clr 1 -radix bin -value 0 -radix bin -time 20 ns -repeat 2 us -cancel 2 us
# run all
Simulator is doing circuit initialization process.
Finished circuit initialization process.
