Release 14.7 - xst P.20131013 (nt64)
Copyright (c) 1995-2013 Xilinx, Inc.  All rights reserved.
--> Parameter TMPDIR set to xst/projnav.tmp


Total REAL time to Xst completion: 0.00 secs
Total CPU time to Xst completion: 0.11 secs
 
--> Parameter xsthdpdir set to xst


Total REAL time to Xst completion: 0.00 secs
Total CPU time to Xst completion: 0.11 secs
 
--> Reading design: sevensegments.prj

TABLE OF CONTENTS
  1) Synthesis Options Summary
  2) HDL Parsing
  3) HDL Elaboration
  4) HDL Synthesis
       4.1) HDL Synthesis Report
  5) Advanced HDL Synthesis
       5.1) Advanced HDL Synthesis Report
  6) Low Level Synthesis
  7) Partition Report
  8) Design Summary
       8.1) Primitive and Black Box Usage
       8.2) Device utilization summary
       8.3) Partition Resource Summary
       8.4) Timing Report
            8.4.1) Clock Information
            8.4.2) Asynchronous Control Signals Information
            8.4.3) Timing Summary
            8.4.4) Timing Details
            8.4.5) Cross Clock Domains Report


=========================================================================
*                      Synthesis Options Summary                        *
=========================================================================
---- Source Parameters
Input File Name                    : "sevensegments.prj"
Ignore Synthesis Constraint File   : NO

---- Target Parameters
Output File Name                   : "sevensegments"
Output Format                      : NGC
Target Device                      : xc6slx9-3-ftg256

---- Source Options
Top Module Name                    : sevensegments
Automatic FSM Extraction           : YES
FSM Encoding Algorithm             : Auto
Safe Implementation                : No
FSM Style                          : LUT
RAM Extraction                     : Yes
RAM Style                          : Auto
ROM Extraction                     : Yes
Shift Register Extraction          : YES
ROM Style                          : Auto
Resource Sharing                   : YES
Asynchronous To Synchronous        : NO
Shift Register Minimum Size        : 2
Use DSP Block                      : Auto
Automatic Register Balancing       : No

---- Target Options
LUT Combining                      : Auto
Reduce Control Sets                : Auto
Add IO Buffers                     : YES
Global Maximum Fanout              : 100000
Add Generic Clock Buffer(BUFG)     : 16
Register Duplication               : YES
Optimize Instantiated Primitives   : NO
Use Clock Enable                   : Auto
Use Synchronous Set                : Auto
Use Synchronous Reset              : Auto
Pack IO Registers into IOBs        : Auto
Equivalent register Removal        : YES

---- General Options
Optimization Goal                  : Speed
Optimization Effort                : 1
Power Reduction                    : NO
Keep Hierarchy                     : No
Netlist Hierarchy                  : As_Optimized
RTL Output                         : Yes
Global Optimization                : AllClockNets
Read Cores                         : YES
Write Timing Constraints           : NO
Cross Clock Analysis               : NO
Hierarchy Separator                : /
Bus Delimiter                      : <>
Case Specifier                     : Maintain
Slice Utilization Ratio            : 100
BRAM Utilization Ratio             : 100
DSP48 Utilization Ratio            : 100
Auto BRAM Packing                  : NO
Slice Utilization Ratio Delta      : 5

=========================================================================


=========================================================================
*                          HDL Parsing                                  *
=========================================================================
Analyzing Verilog file "C:\Users\Olivia\OneDrive\Desktop\sepehr\ISE\sevensegments\sevensegments.v" into library work
Parsing module <sevensegments>.

=========================================================================
*                            HDL Elaboration                            *
=========================================================================

Elaborating module <sevensegments>.
WARNING:HDLCompiler:872 - "C:\Users\Olivia\OneDrive\Desktop\sepehr\ISE\sevensegments\sevensegments.v" Line 33: Using initial value of mem since it is never assigned

=========================================================================
*                           HDL Synthesis                               *
=========================================================================

Synthesizing Unit <sevensegments>.
    Related source file is "C:\Users\Olivia\OneDrive\Desktop\sepehr\ISE\sevensegments\sevensegments.v".
WARNING:Xst:2935 - Signal 'en<5:2>', unconnected in block 'sevensegments', is tied to its initial value (1111).
    Register <sseg1_dummy_dummy> equivalent to <sseg1_dummy> has been removed
    Found 1-bit register for signal <clk_user>.
    Found 1-bit register for signal <en<1>>.
    Found 1-bit register for signal <en<0>>.
    Found 32-bit register for signal <counter>.
    Found 1-bit register for signal <sseg1>.
    Found 1-bit register for signal <sseg1_dummy>.
    Found 32-bit adder for signal <counter[31]_GND_1_o_add_1_OUT> created at line 20.
    Found 32-bit comparator greater for signal <n0001> created at line 21
    WARNING:Xst:2404 -  FFs/Latches <sseg1<1:1>> (without init value) have a constant value of 1 in block <sevensegments>.
    WARNING:Xst:2404 -  FFs/Latches <sseg1<1:1>> (without init value) have a constant value of 0 in block <sevensegments>.
    WARNING:Xst:2404 -  FFs/Latches <sseg1<1:2>> (without init value) have a constant value of 0 in block <sevensegments>.
    WARNING:Xst:2404 -  FFs/Latches <sseg1<3:3>> (without init value) have a constant value of 0 in block <sevensegments>.
    Summary:
	inferred   1 Adder/Subtractor(s).
	inferred  37 D-type flip-flop(s).
	inferred   1 Comparator(s).
Unit <sevensegments> synthesized.

=========================================================================
HDL Synthesis Report

Macro Statistics
# Adders/Subtractors                                   : 1
 32-bit adder                                          : 1
# Registers                                            : 6
 1-bit register                                        : 5
 32-bit register                                       : 1
# Comparators                                          : 1
 32-bit comparator greater                             : 1

=========================================================================

=========================================================================
*                       Advanced HDL Synthesis                          *
=========================================================================

WARNING:Xst:1426 - The value init of the FF/Latch sseg1 hinder the constant cleaning in the block sevensegments.
   You should achieve better results by setting this init to 0.
WARNING:Xst:1426 - The value init of the FF/Latch sseg1_dummy hinder the constant cleaning in the block sevensegments.
   You should achieve better results by setting this init to 1.

Synthesizing (advanced) Unit <sevensegments>.
The following registers are absorbed into counter <counter>: 1 register on signal <counter>.
Unit <sevensegments> synthesized (advanced).

=========================================================================
Advanced HDL Synthesis Report

Macro Statistics
# Counters                                             : 1
 32-bit up counter                                     : 1
# Registers                                            : 5
 Flip-Flops                                            : 5
# Comparators                                          : 1
 32-bit comparator greater                             : 1

=========================================================================

=========================================================================
*                         Low Level Synthesis                           *
=========================================================================
WARNING:Xst:1426 - The value init of the FF/Latch sseg1 hinder the constant cleaning in the block sevensegments.
   You should achieve better results by setting this init to 0.
WARNING:Xst:1426 - The value init of the FF/Latch sseg1_dummy hinder the constant cleaning in the block sevensegments.
   You should achieve better results by setting this init to 1.

Optimizing unit <sevensegments> ...

Mapping all equations...
Building and optimizing final netlist ...
Found area constraint ratio of 100 (+ 5) on block sevensegments, actual ratio is 0.
FlipFlop sseg1_dummy has been replicated 1 time(s) to handle iob=true attribute.

Final Macro Processing ...

=========================================================================
Final Register Report

Macro Statistics
# Registers                                            : 38
 Flip-Flops                                            : 38

=========================================================================

=========================================================================
*                           Partition Report                            *
=========================================================================

Partition Implementation Status
-------------------------------

  No Partitions were found in this design.

-------------------------------

=========================================================================
*                            Design Summary                             *
=========================================================================

Top Level Output File Name         : sevensegments.ngc

Primitive and Black Box Usage:
------------------------------
# BELS                             : 147
#      GND                         : 1
#      INV                         : 3
#      LUT1                        : 31
#      LUT2                        : 35
#      LUT5                        : 8
#      MUXCY                       : 36
#      VCC                         : 1
#      XORCY                       : 32
# FlipFlops/Latches                : 38
#      FD                          : 38
# Clock Buffers                    : 1
#      BUFGP                       : 1
# IO Buffers                       : 14
#      OBUF                        : 14

Device utilization summary:
---------------------------

Selected Device : 6slx9ftg256-3 


Slice Logic Utilization: 
 Number of Slice Registers:              35  out of  11440     0%  
 Number of Slice LUTs:                   77  out of   5720     1%  
    Number used as Logic:                77  out of   5720     1%  

Slice Logic Distribution: 
 Number of LUT Flip Flop pairs used:     77
   Number with an unused Flip Flop:      42  out of     77    54%  
   Number with an unused LUT:             0  out of     77     0%  
   Number of fully used LUT-FF pairs:    35  out of     77    45%  
   Number of unique control sets:         2

IO Utilization: 
 Number of IOs:                          15
 Number of bonded IOBs:                  15  out of    186     8%  
    IOB Flip Flops/Latches:               3

Specific Feature Utilization:
 Number of BUFG/BUFGCTRLs:                1  out of     16     6%  

---------------------------
Partition Resource Summary:
---------------------------

  No Partitions were found in this design.

---------------------------


=========================================================================
Timing Report

NOTE: THESE TIMING NUMBERS ARE ONLY A SYNTHESIS ESTIMATE.
      FOR ACCURATE TIMING INFORMATION PLEASE REFER TO THE TRACE REPORT
      GENERATED AFTER PLACE-and-ROUTE.

Clock Information:
------------------
-----------------------------------+------------------------+-------+
Clock Signal                       | Clock buffer(FF name)  | Load  |
-----------------------------------+------------------------+-------+
clk_user                           | NONE(en_1)             | 5     |
clk                                | BUFGP                  | 33    |
-----------------------------------+------------------------+-------+
INFO:Xst:2169 - HDL ADVISOR - Some clock signals were not automatically buffered by XST with BUFG/BUFR resources. Please use the buffer_type constraint in order to insert these buffers to the clock signals to help prevent skew problems.

Asynchronous Control Signals Information:
----------------------------------------
No asynchronous control signals found in this design

Timing Summary:
---------------
Speed Grade: -3

   Minimum period: 3.701ns (Maximum Frequency: 270.223MHz)
   Minimum input arrival time before clock: No path found
   Maximum output required time after clock: 3.634ns
   Maximum combinational path delay: No path found

Timing Details:
---------------
All values displayed in nanoseconds (ns)

=========================================================================
Timing constraint: Default period analysis for Clock 'clk_user'
  Clock period: 1.950ns (frequency: 512.794MHz)
  Total number of paths / destination ports: 2 / 2
-------------------------------------------------------------------------
Delay:               1.950ns (Levels of Logic = 1)
  Source:            en_1 (FF)
  Destination:       en_1 (FF)
  Source Clock:      clk_user rising
  Destination Clock: clk_user rising

  Data Path: en_1 to en_1
                                Gate     Net
    Cell:in->out      fanout   Delay   Delay  Logical Name (Net Name)
    ----------------------------------------  ------------
     FD:C->Q               2   0.447   0.616  en_1 (en_1)
     INV:I->O              1   0.206   0.579  en[1]_INV_3_o1_INV_0 (en[1]_INV_3_o)
     FD:D                      0.102          en_1
    ----------------------------------------
    Total                      1.950ns (0.755ns logic, 1.195ns route)
                                       (38.7% logic, 61.3% route)

=========================================================================
Timing constraint: Default period analysis for Clock 'clk'
  Clock period: 3.701ns (frequency: 270.223MHz)
  Total number of paths / destination ports: 1981 / 33
-------------------------------------------------------------------------
Delay:               3.701ns (Levels of Logic = 7)
  Source:            counter_10 (FF)
  Destination:       clk_user (FF)
  Source Clock:      clk rising
  Destination Clock: clk rising

  Data Path: counter_10 to clk_user
                                Gate     Net
    Cell:in->out      fanout   Delay   Delay  Logical Name (Net Name)
    ----------------------------------------  ------------
     FD:C->Q               3   0.447   0.995  counter_10 (counter_10)
     LUT5:I0->O            1   0.203   0.000  Mcompar_n0001_lut<0> (Mcompar_n0001_lut<0>)
     MUXCY:S->O            1   0.172   0.000  Mcompar_n0001_cy<0> (Mcompar_n0001_cy<0>)
     MUXCY:CI->O           1   0.019   0.000  Mcompar_n0001_cy<1> (Mcompar_n0001_cy<1>)
     MUXCY:CI->O           1   0.019   0.000  Mcompar_n0001_cy<2> (Mcompar_n0001_cy<2>)
     MUXCY:CI->O           1   0.019   0.000  Mcompar_n0001_cy<3> (Mcompar_n0001_cy<3>)
     MUXCY:CI->O          33   0.213   1.306  Mcompar_n0001_cy<4> (Mcompar_n0001_cy<4>)
     LUT2:I1->O            1   0.205   0.000  counter_0_rstpot (counter_0_rstpot)
     FD:D                      0.102          counter_0
    ----------------------------------------
    Total                      3.701ns (1.399ns logic, 2.302ns route)
                                       (37.8% logic, 62.2% route)

=========================================================================
Timing constraint: Default OFFSET OUT AFTER for Clock 'clk_user'
  Total number of paths / destination ports: 5 / 5
-------------------------------------------------------------------------
Offset:              3.634ns (Levels of Logic = 1)
  Source:            en_1 (FF)
  Destination:       en<1> (PAD)
  Source Clock:      clk_user rising

  Data Path: en_1 to en<1>
                                Gate     Net
    Cell:in->out      fanout   Delay   Delay  Logical Name (Net Name)
    ----------------------------------------  ------------
     FD:C->Q               2   0.447   0.616  en_1 (en_1)
     OBUF:I->O                 2.571          en_1_OBUF (en<1>)
    ----------------------------------------
    Total                      3.634ns (3.018ns logic, 0.616ns route)
                                       (83.0% logic, 17.0% route)

=========================================================================

Cross Clock Domains Report:
--------------------------

Clock to Setup on destination clock clk
---------------+---------+---------+---------+---------+
               | Src:Rise| Src:Fall| Src:Rise| Src:Fall|
Source Clock   |Dest:Rise|Dest:Rise|Dest:Fall|Dest:Fall|
---------------+---------+---------+---------+---------+
clk            |    3.701|         |         |         |
---------------+---------+---------+---------+---------+

Clock to Setup on destination clock clk_user
---------------+---------+---------+---------+---------+
               | Src:Rise| Src:Fall| Src:Rise| Src:Fall|
Source Clock   |Dest:Rise|Dest:Rise|Dest:Fall|Dest:Fall|
---------------+---------+---------+---------+---------+
clk_user       |    1.950|         |         |         |
---------------+---------+---------+---------+---------+

=========================================================================


Total REAL time to Xst completion: 6.00 secs
Total CPU time to Xst completion: 6.21 secs
 
--> 

Total memory usage is 4486800 kilobytes

Number of errors   :    0 (   0 filtered)
Number of warnings :   10 (   0 filtered)
Number of infos    :    1 (   0 filtered)

