Release 14.7 - xst P.20131013 (nt64)
Copyright (c) 1995-2013 Xilinx, Inc.  All rights reserved.
--> Parameter TMPDIR set to xst/projnav.tmp


Total REAL time to Xst completion: 0.00 secs
Total CPU time to Xst completion: 0.08 secs
 
--> Parameter xsthdpdir set to xst


Total REAL time to Xst completion: 0.00 secs
Total CPU time to Xst completion: 0.08 secs
 
--> Reading design: sevensegments.prj

TABLE OF CONTENTS
  1) Synthesis Options Summary
  2) HDL Parsing
  3) HDL Elaboration
  4) HDL Synthesis
       4.1) HDL Synthesis Report
  5) Advanced HDL Synthesis
       5.1) Advanced HDL Synthesis Report
  6) Low Level Synthesis
  7) Partition Report
  8) Design Summary
       8.1) Primitive and Black Box Usage
       8.2) Device utilization summary
       8.3) Partition Resource Summary
       8.4) Timing Report
            8.4.1) Clock Information
            8.4.2) Asynchronous Control Signals Information
            8.4.3) Timing Summary
            8.4.4) Timing Details
            8.4.5) Cross Clock Domains Report


=========================================================================
*                      Synthesis Options Summary                        *
=========================================================================
---- Source Parameters
Input File Name                    : "sevensegments.prj"
Ignore Synthesis Constraint File   : NO

---- Target Parameters
Output File Name                   : "sevensegments"
Output Format                      : NGC
Target Device                      : xc6slx9-3-ftg256

---- Source Options
Top Module Name                    : sevensegments
Automatic FSM Extraction           : YES
FSM Encoding Algorithm             : Auto
Safe Implementation                : No
FSM Style                          : LUT
RAM Extraction                     : Yes
RAM Style                          : Auto
ROM Extraction                     : Yes
Shift Register Extraction          : YES
ROM Style                          : Auto
Resource Sharing                   : YES
Asynchronous To Synchronous        : NO
Shift Register Minimum Size        : 2
Use DSP Block                      : Auto
Automatic Register Balancing       : No

---- Target Options
LUT Combining                      : Auto
Reduce Control Sets                : Auto
Add IO Buffers                     : YES
Global Maximum Fanout              : 100000
Add Generic Clock Buffer(BUFG)     : 16
Register Duplication               : YES
Optimize Instantiated Primitives   : NO
Use Clock Enable                   : Auto
Use Synchronous Set                : Auto
Use Synchronous Reset              : Auto
Pack IO Registers into IOBs        : Auto
Equivalent register Removal        : YES

---- General Options
Optimization Goal                  : Speed
Optimization Effort                : 1
Power Reduction                    : NO
Keep Hierarchy                     : No
Netlist Hierarchy                  : As_Optimized
RTL Output                         : Yes
Global Optimization                : AllClockNets
Read Cores                         : YES
Write Timing Constraints           : NO
Cross Clock Analysis               : NO
Hierarchy Separator                : /
Bus Delimiter                      : <>
Case Specifier                     : Maintain
Slice Utilization Ratio            : 100
BRAM Utilization Ratio             : 100
DSP48 Utilization Ratio            : 100
Auto BRAM Packing                  : NO
Slice Utilization Ratio Delta      : 5

=========================================================================


=========================================================================
*                          HDL Parsing                                  *
=========================================================================
Analyzing Verilog file "C:\Users\Olivia\OneDrive\Desktop\sepehr\ISE\numberrepresent\multiple_numbers.v" into library work
Parsing module <sevensegments>.

=========================================================================
*                            HDL Elaboration                            *
=========================================================================

Elaborating module <sevensegments>.
WARNING:HDLCompiler:872 - "C:\Users\Olivia\OneDrive\Desktop\sepehr\ISE\numberrepresent\multiple_numbers.v" Line 31: Using initial value of mem since it is never assigned

=========================================================================
*                           HDL Synthesis                               *
=========================================================================

Synthesizing Unit <sevensegments>.
    Related source file is "C:\Users\Olivia\OneDrive\Desktop\sepehr\ISE\numberrepresent\multiple_numbers.v".
    Found 1-bit register for signal <clk_user>.
    Found 6-bit register for signal <en>.
    Found 8-bit register for signal <sseg>.
    Found 32-bit register for signal <flag>.
    Found 32-bit register for signal <counter>.
    Found 32-bit adder for signal <counter[31]_GND_1_o_add_1_OUT> created at line 18.
    Found 32-bit adder for signal <flag[31]_GND_1_o_add_16_OUT> created at line 59.
    Found 32-bit comparator greater for signal <n0001> created at line 19
    Summary:
	inferred   2 Adder/Subtractor(s).
	inferred  79 D-type flip-flop(s).
	inferred   1 Comparator(s).
	inferred   4 Multiplexer(s).
Unit <sevensegments> synthesized.

=========================================================================
HDL Synthesis Report

Macro Statistics
# Adders/Subtractors                                   : 2
 32-bit adder                                          : 2
# Registers                                            : 5
 1-bit register                                        : 1
 32-bit register                                       : 2
 6-bit register                                        : 1
 8-bit register                                        : 1
# Comparators                                          : 1
 32-bit comparator greater                             : 1
# Multiplexers                                         : 4
 6-bit 2-to-1 multiplexer                              : 2
 8-bit 2-to-1 multiplexer                              : 2

=========================================================================

=========================================================================
*                       Advanced HDL Synthesis                          *
=========================================================================


Synthesizing (advanced) Unit <sevensegments>.
The following registers are absorbed into counter <counter>: 1 register on signal <counter>.
The following registers are absorbed into counter <flag>: 1 register on signal <flag>.
Unit <sevensegments> synthesized (advanced).

=========================================================================
Advanced HDL Synthesis Report

Macro Statistics
# Counters                                             : 2
 32-bit up counter                                     : 2
# Registers                                            : 15
 Flip-Flops                                            : 15
# Comparators                                          : 1
 32-bit comparator greater                             : 1
# Multiplexers                                         : 4
 6-bit 2-to-1 multiplexer                              : 2
 8-bit 2-to-1 multiplexer                              : 2

=========================================================================

=========================================================================
*                         Low Level Synthesis                           *
=========================================================================
WARNING:Xst:1293 - FF/Latch <sseg_7> has a constant value of 1 in block <sevensegments>. This FF/Latch will be trimmed during the optimization process.
INFO:Xst:2261 - The FF/Latch <sseg_0> in Unit <sevensegments> is equivalent to the following FF/Latch, which will be removed : <sseg_3> 

Optimizing unit <sevensegments> ...

Mapping all equations...
Building and optimizing final netlist ...
Found area constraint ratio of 100 (+ 5) on block sevensegments, actual ratio is 1.

Final Macro Processing ...

=========================================================================
Final Register Report

Macro Statistics
# Registers                                            : 77
 Flip-Flops                                            : 77

=========================================================================

=========================================================================
*                           Partition Report                            *
=========================================================================

Partition Implementation Status
-------------------------------

  No Partitions were found in this design.

-------------------------------

=========================================================================
*                            Design Summary                             *
=========================================================================

Top Level Output File Name         : sevensegments.ngc

Primitive and Black Box Usage:
------------------------------
# BELS                             : 264
#      GND                         : 1
#      INV                         : 2
#      LUT1                        : 62
#      LUT2                        : 34
#      LUT3                        : 2
#      LUT4                        : 14
#      LUT5                        : 10
#      LUT6                        : 6
#      MUXCY                       : 68
#      VCC                         : 1
#      XORCY                       : 64
# FlipFlops/Latches                : 77
#      FD                          : 33
#      FDE                         : 12
#      FDR                         : 32
# Clock Buffers                    : 2
#      BUFG                        : 1
#      BUFGP                       : 1
# IO Buffers                       : 14
#      OBUF                        : 14

Device utilization summary:
---------------------------

Selected Device : 6slx9ftg256-3 


Slice Logic Utilization: 
 Number of Slice Registers:              77  out of  11440     0%  
 Number of Slice LUTs:                  130  out of   5720     2%  
    Number used as Logic:               130  out of   5720     2%  

Slice Logic Distribution: 
 Number of LUT Flip Flop pairs used:    130
   Number with an unused Flip Flop:      53  out of    130    40%  
   Number with an unused LUT:             0  out of    130     0%  
   Number of fully used LUT-FF pairs:    77  out of    130    59%  
   Number of unique control sets:         4

IO Utilization: 
 Number of IOs:                          15
 Number of bonded IOBs:                  15  out of    186     8%  

Specific Feature Utilization:
 Number of BUFG/BUFGCTRLs:                2  out of     16    12%  

---------------------------
Partition Resource Summary:
---------------------------

  No Partitions were found in this design.

---------------------------


=========================================================================
Timing Report

NOTE: THESE TIMING NUMBERS ARE ONLY A SYNTHESIS ESTIMATE.
      FOR ACCURATE TIMING INFORMATION PLEASE REFER TO THE TRACE REPORT
      GENERATED AFTER PLACE-and-ROUTE.

Clock Information:
------------------
-----------------------------------+------------------------+-------+
Clock Signal                       | Clock buffer(FF name)  | Load  |
-----------------------------------+------------------------+-------+
clk_user                           | BUFG                   | 44    |
clk                                | BUFGP                  | 33    |
-----------------------------------+------------------------+-------+

Asynchronous Control Signals Information:
----------------------------------------
No asynchronous control signals found in this design

Timing Summary:
---------------
Speed Grade: -3

   Minimum period: 4.164ns (Maximum Frequency: 240.136MHz)
   Minimum input arrival time before clock: No path found
   Maximum output required time after clock: 3.668ns
   Maximum combinational path delay: No path found

Timing Details:
---------------
All values displayed in nanoseconds (ns)

=========================================================================
Timing constraint: Default period analysis for Clock 'clk_user'
  Clock period: 4.164ns (frequency: 240.136MHz)
  Total number of paths / destination ports: 1947 / 56
-------------------------------------------------------------------------
Delay:               4.164ns (Levels of Logic = 3)
  Source:            flag_27 (FF)
  Destination:       flag_0 (FF)
  Source Clock:      clk_user rising
  Destination Clock: clk_user rising

  Data Path: flag_27 to flag_0
                                Gate     Net
    Cell:in->out      fanout   Delay   Delay  Logical Name (Net Name)
    ----------------------------------------  ------------
     FD:C->Q               2   0.447   0.961  flag_27 (flag_27)
     LUT5:I0->O            3   0.203   1.015  flag[31]_GND_1_o_equal_12_o<31>15 (flag[31]_GND_1_o_equal_12_o<31>15)
     LUT6:I0->O           17   0.203   1.028  flag[31]_GND_1_o_equal_12_o<31>2 (flag[31]_GND_1_o_equal_12_o)
     LUT2:I1->O            1   0.205   0.000  flag_0_rstpot (flag_0_rstpot)
     FD:D                      0.102          flag_0
    ----------------------------------------
    Total                      4.164ns (1.160ns logic, 3.004ns route)
                                       (27.9% logic, 72.1% route)

=========================================================================
Timing constraint: Default period analysis for Clock 'clk'
  Clock period: 3.868ns (frequency: 258.555MHz)
  Total number of paths / destination ports: 2311 / 65
-------------------------------------------------------------------------
Delay:               3.868ns (Levels of Logic = 6)
  Source:            counter_9 (FF)
  Destination:       counter_0 (FF)
  Source Clock:      clk rising
  Destination Clock: clk rising

  Data Path: counter_9 to counter_0
                                Gate     Net
    Cell:in->out      fanout   Delay   Delay  Logical Name (Net Name)
    ----------------------------------------  ------------
     FDR:C->Q              3   0.447   0.995  counter_9 (counter_9)
     LUT5:I0->O            1   0.203   0.000  Mcompar_n0001_lut<1> (Mcompar_n0001_lut<1>)
     MUXCY:S->O            1   0.172   0.000  Mcompar_n0001_cy<1> (Mcompar_n0001_cy<1>)
     MUXCY:CI->O           1   0.019   0.000  Mcompar_n0001_cy<2> (Mcompar_n0001_cy<2>)
     MUXCY:CI->O           1   0.019   0.000  Mcompar_n0001_cy<3> (Mcompar_n0001_cy<3>)
     MUXCY:CI->O           1   0.019   0.000  Mcompar_n0001_cy<4> (Mcompar_n0001_cy<4>)
     MUXCY:CI->O          33   0.258   1.305  Mcompar_n0001_cy<5> (Mcompar_n0001_cy<5>)
     FDR:R                     0.430          counter_0
    ----------------------------------------
    Total                      3.868ns (1.567ns logic, 2.301ns route)
                                       (40.5% logic, 59.5% route)

=========================================================================
Timing constraint: Default OFFSET OUT AFTER for Clock 'clk_user'
  Total number of paths / destination ports: 13 / 13
-------------------------------------------------------------------------
Offset:              3.668ns (Levels of Logic = 1)
  Source:            sseg_0 (FF)
  Destination:       sseg<3> (PAD)
  Source Clock:      clk_user rising

  Data Path: sseg_0 to sseg<3>
                                Gate     Net
    Cell:in->out      fanout   Delay   Delay  Logical Name (Net Name)
    ----------------------------------------  ------------
     FDE:C->Q              3   0.447   0.650  sseg_0 (sseg_0)
     OBUF:I->O                 2.571          sseg_3_OBUF (sseg<3>)
    ----------------------------------------
    Total                      3.668ns (3.018ns logic, 0.650ns route)
                                       (82.3% logic, 17.7% route)

=========================================================================

Cross Clock Domains Report:
--------------------------

Clock to Setup on destination clock clk
---------------+---------+---------+---------+---------+
               | Src:Rise| Src:Fall| Src:Rise| Src:Fall|
Source Clock   |Dest:Rise|Dest:Rise|Dest:Fall|Dest:Fall|
---------------+---------+---------+---------+---------+
clk            |    3.868|         |         |         |
---------------+---------+---------+---------+---------+

Clock to Setup on destination clock clk_user
---------------+---------+---------+---------+---------+
               | Src:Rise| Src:Fall| Src:Rise| Src:Fall|
Source Clock   |Dest:Rise|Dest:Rise|Dest:Fall|Dest:Fall|
---------------+---------+---------+---------+---------+
clk_user       |    4.164|         |         |         |
---------------+---------+---------+---------+---------+

=========================================================================


Total REAL time to Xst completion: 4.00 secs
Total CPU time to Xst completion: 3.95 secs
 
--> 

Total memory usage is 4486800 kilobytes

Number of errors   :    0 (   0 filtered)
Number of warnings :    2 (   0 filtered)
Number of infos    :    1 (   0 filtered)

