--------------------------------------------------------------------------------
Release 14.7 Trace  (nt64)
Copyright (c) 1995-2013 Xilinx, Inc.  All rights reserved.

D:\Sepehr\14.7\ISE_DS\ISE\bin\nt64\unwrapped\trce.exe -intstyle ise -v 3 -s 3
-n 3 -fastpaths -xml Controller.twx Controller.ncd -o Controller.twr
Controller.pcf -ucf Controller.ucf

Design file:              Controller.ncd
Physical constraint file: Controller.pcf
Device,package,speed:     xc6slx9,ftg256,C,-3 (PRODUCTION 1.23 2013-10-13)
Report level:             verbose report

Environment Variable      Effect 
--------------------      ------ 
NONE                      No environment variables were set
--------------------------------------------------------------------------------

INFO:Timing:2698 - No timing constraints found, doing default enumeration.
INFO:Timing:3412 - To improve timing, see the Timing Closure User Guide (UG612).
INFO:Timing:2752 - To get complete path coverage, use the unconstrained paths 
   option. All paths that are not constrained will be reported in the 
   unconstrained paths section(s) of the report.
INFO:Timing:3339 - The clock-to-out numbers in this timing report are based on 
   a 50 Ohm transmission line loading model.  For the details of this model, 
   and for more information on accounting for different loading conditions, 
   please see the device datasheet.



Data Sheet report:
-----------------
All values displayed in nanoseconds (ns)

Setup/Hold to clock clk
------------+------------+------------+------------+------------+------------------+--------+
            |Max Setup to|  Process   |Max Hold to |  Process   |                  | Clock  |
Source      | clk (edge) |   Corner   | clk (edge) |   Corner   |Internal Clock(s) | Phase  |
------------+------------+------------+------------+------------+------------------+--------+
clr         |    1.027(R)|      SLOW  |   -0.139(R)|      SLOW  |clk_BUFGP         |   0.000|
x           |    2.488(R)|      SLOW  |   -1.015(R)|      FAST  |clk_BUFGP         |   0.000|
------------+------------+------------+------------+------------+------------------+--------+

Clock clk to Pad
------------+-----------------+------------+-----------------+------------+------------------+--------+
            |Max (slowest) clk|  Process   |Min (fastest) clk|  Process   |                  | Clock  |
Destination |  (edge) to PAD  |   Corner   |  (edge) to PAD  |   Corner   |Internal Clock(s) | Phase  |
------------+-----------------+------------+-----------------+------------+------------------+--------+
z1          |         9.500(R)|      SLOW  |         5.054(R)|      FAST  |clk_BUFGP         |   0.000|
z2          |         9.133(R)|      SLOW  |         4.878(R)|      FAST  |clk_BUFGP         |   0.000|
------------+-----------------+------------+-----------------+------------+------------------+--------+

Clock to Setup on destination clock clk
---------------+---------+---------+---------+---------+
               | Src:Rise| Src:Fall| Src:Rise| Src:Fall|
Source Clock   |Dest:Rise|Dest:Rise|Dest:Fall|Dest:Fall|
---------------+---------+---------+---------+---------+
clk            |    2.258|         |         |         |
---------------+---------+---------+---------+---------+

Pad to Pad
---------------+---------------+---------+
Source Pad     |Destination Pad|  Delay  |
---------------+---------------+---------+
x              |z1             |    9.131|
x              |z2             |    9.242|
---------------+---------------+---------+


Analysis completed Mon Nov 25 09:09:15 2024 
--------------------------------------------------------------------------------

Trace Settings:
-------------------------
Trace Settings 

Peak Memory Usage: 4571 MB



