ISim log file
Running: C:\Users\Olivia\OneDrive\Desktop\sepehr\Controller\Controller\Controller_isim_beh.exe -intstyle ise -gui -tclbatch isim.cmd -wdb C:/Users/Olivia/OneDrive/Desktop/sepehr/Controller/Controller/Controller_isim_beh.wdb 
ISim P.20131013 (signature 0x7708f090)
This is a Full version of ISim.
Time resolution is 1 ps
# onerror resume
# wave add /
# run 1000 ns
Simulator is doing circuit initialization process.
Finished circuit initialization process.
# isim force add /Controller/clk 0 -radix bin -value 1 -radix bin -time 10 ns -repeat 20 ns -cancel 500 ns
# isim force add /Controller/clr 1 -radix bin -value 0 -radix bin -time 250 ns -repeat 500 ns -cancel 500 ns
# isim force add /Controller/x 0 -radix bin -value 1 -radix bin -time 40 ns -repeat 80 ns -cancel 500 ns
# restart
# run all
Simulator is doing circuit initialization process.
Finished circuit initialization process.
# restart
# isim force add /Controller/clk 0 -radix bin -value 1 -radix bin -time 10 ns -repeat 20 ns -cancel 500 ns
# isim force add /Controller/clr 0 -radix bin -value 1 -radix bin -time 25 ns -repeat 50 ns -cancel 500 ns
# isim force add /Controller/x 0 -radix bin -value 1 -radix bin -time 40 ns -repeat 80 ns -cancel 500 ns
# isim force add /Controller/clr 1 -radix bin -value 0 -radix bin -time 5 ns -repeat 500 ns -cancel 500 ns
# restart
# run all
Simulator is doing circuit initialization process.
Finished circuit initialization process.
