Running: D:\Sepehr\14.7\ISE_DS\ISE\bin\nt64\unwrapped\fuse.exe -intstyle ise -incremental -lib unisims_ver -lib unimacro_ver -lib xilinxcorelib_ver -lib secureip -o C:/Users/Olivia/OneDrive/Desktop/sepehr/Compare 15/Compare15/Compare15_isim_beh.exe -prj C:/Users/Olivia/OneDrive/Desktop/sepehr/Compare 15/Compare15/Compare15_beh.prj work.Compare15 work.glbl 
ISim P.20131013 (signature 0x7708f090)
Number of CPUs detected in this system: 8
Turning on mult-threading, number of parallel sub-compilation jobs: 16 
Determining compilation order of HDL files
Analyzing Verilog file "C:/Users/Olivia/OneDrive/Desktop/sepehr/Compare 15/Compare15/Compare15.vf" into library work
Analyzing Verilog file "D:/Sepehr/14.7/ISE_DS/ISE//verilog/src/glbl.v" into library work
Starting static elaboration
Completed static elaboration
Compiling module CB8CLE_HXILINX_Compare15
Compiling module COMP8_HXILINX_Compare15
Compiling module PULLUP
Compiling module FD
Compiling module INV
Compiling module Compare15
Compiling module glbl
Time Resolution for simulation is 1ps.
Waiting for 1 sub-compilation(s) to finish...
Compiled 7 Verilog Units
Built simulation executable C:/Users/Olivia/OneDrive/Desktop/sepehr/Compare 15/Compare15/Compare15_isim_beh.exe
Fuse Memory Usage: 27468 KB
Fuse CPU Usage: 343 ms
